{"name": "Проверка что при создании нового заказа увеличивается счетчик общего числа заказов", "status": "failed", "statusDetails": {"message": "AssertionError: assert '74923' == '74924'\n  \n  - 74924\n  ?     ^\n  + 74923\n  ?     ^", "trace": "self = <tests.test_order_list.TestOrderList object at 0x109d94140>\nlogin = (<selenium.webdriver.chrome.webdriver.WebDriver (session=\"7c216afcd7c01ca421ecbdd7a597baa8\")>, {'accessToken': 'Bearer...wMcpDpZ7opZ9oR-jgDYmOoesLAghm3k0Gss', 'email': 'befhlqchos@yandex.ru', 'name': 'fkzafkcitc', 'password': 'zgrfqojtii'})\n\n    @allure.title('Проверка что при создании нового заказа увеличивается счетчик общего числа заказов')\n    @allure.description('Создается пользователь, создается заказ, происходит проверка что общее число заказов равно текущему номеру заказа')\n    def test_total_number_of_orders(self, login):\n        driver = login[0]\n        main_page = MainPage(driver)\n        main_page.create_order()\n        main_page.wait_for_loader_to_be_visible()\n        main_page.wait_for_loader_to_be_invisible()\n        main_page.click_order_list_button()\n>       assert main_page.get_total_number_of_orders() == main_page.get_order_number()\nE       AssertionError: assert '74923' == '74924'\nE         \nE         - 74924\nE         ?     ^\nE         + 74923\nE         ?     ^\n\ntests/test_order_list.py:53: AssertionError"}, "description": "Создается пользователь, создается заказ, происходит проверка что общее число заказов равно текущему номеру заказа", "steps": [{"name": "Создание экземпляра страницы", "status": "passed", "parameters": [{"name": "driver", "value": "<selenium.webdriver.chrome.webdriver.WebDriver (session=\"7c216afcd7c01ca421ecbdd7a597baa8\")>"}], "start": 1717741256201, "stop": 1717741256201}, {"name": "Ищем элемент после ожидания", "status": "passed", "parameters": [{"name": "locator", "value": "['xpath', \".//p[text()='Флюоресцентная булка R2-D3']\"]"}], "start": 1717741256201, "stop": 1717741256234}, {"name": "Ищем элемент после ожидания", "status": "passed", "parameters": [{"name": "locator", "value": "['xpath', \".//span[text()='Перетяните булочку сюда (верх)']\"]"}], "start": 1717741256234, "stop": 1717741256268}, {"name": "Ждем, когда элемент станет кликабельным", "status": "passed", "parameters": [{"name": "locator", "value": "['xpath', \".//button[text()='Оформить заказ']\"]"}], "start": 1717741256286, "stop": 1717741256350}, {"name": "Кликаем на элемент", "status": "passed", "parameters": [{"name": "element_to_click", "value": "<selenium.webdriver.remote.webelement.WebElement (session=\"7c216afcd7c01ca421ecbdd7a597baa8\", element=\"f.ADDEF46D51CAB570E4F091F2BADA753D.d.DB520E6C473E1898C259AD9AAC7A753D.e.83\")>"}], "start": 1717741256350, "stop": 1717741256362}, {"name": "Ожидаем, когда элемент станет видимым", "status": "passed", "parameters": [{"name": "locator", "value": "['xpath', \".//img[@class = 'Modal_modal__loading__3534A']\"]"}], "start": 1717741256362, "stop": 1717741256919}, {"name": "Ожидаем, когда элемент станет невидимым", "status": "passed", "parameters": [{"name": "locator", "value": "['xpath', \".//img[@class = 'Modal_modal__loading__3534A']\"]"}], "start": 1717741256919, "stop": 1717741257987}, {"name": "Ждем, когда элемент станет кликабельным", "status": "passed", "parameters": [{"name": "locator", "value": "['xpath', \".//p[text()='Лента Заказов']\"]"}], "start": 1717741257987, "stop": 1717741258030}, {"name": "Кликаем на элемент", "status": "passed", "parameters": [{"name": "element_to_click", "value": "<selenium.webdriver.remote.webelement.WebElement (session=\"7c216afcd7c01ca421ecbdd7a597baa8\", element=\"f.ADDEF46D51CAB570E4F091F2BADA753D.d.DB520E6C473E1898C259AD9AAC7A753D.e.11\")>"}], "start": 1717741258030, "stop": 1717741258057}, {"name": "Получаем текст элемента", "status": "passed", "steps": [{"name": "Ищем элемент после ожидания", "status": "passed", "parameters": [{"name": "locator", "value": "['xpath', \"(//p[contains(@class, 'OrderFeed_number__2MbrQ')])[1]\"]"}], "start": 1717741258057, "stop": 1717741258614}], "parameters": [{"name": "locator", "value": "['xpath', \"(//p[contains(@class, 'OrderFeed_number__2MbrQ')])[1]\"]"}], "start": 1717741258057, "stop": 1717741258632}, {"name": "Получаем текст элемента", "status": "passed", "steps": [{"name": "Ищем элемент после ожидания", "status": "passed", "parameters": [{"name": "locator", "value": "['xpath', \".//h2[@class = 'Modal_modal__title_shadow__3ikwq Modal_modal__title__2L34m text text_type_digits-large mb-8']\"]"}], "start": 1717741258632, "stop": 1717741258664}], "parameters": [{"name": "locator", "value": "['xpath', \".//h2[@class = 'Modal_modal__title_shadow__3ikwq Modal_modal__title__2L34m text text_type_digits-large mb-8']\"]"}], "start": 1717741258632, "stop": 1717741258675}], "parameters": [{"name": "driver", "value": "'chrome'"}], "start": 1717741256200, "stop": 1717741258676, "uuid": "3f01bca6-d58d-4b54-befc-b323978f8be5", "historyId": "64863b0b338680874abd30da83642eca", "testCaseId": "e4239b52bd951d162ddcfae62aa7bed8", "fullName": "tests.test_order_list.TestOrderList#test_total_number_of_orders", "labels": [{"name": "parentSuite", "value": "tests"}, {"name": "suite", "value": "test_order_list"}, {"name": "subSuite", "value": "TestOrderList"}, {"name": "host", "value": "MacBook-Air-Yulia.local"}, {"name": "thread", "value": "2533-MainThread"}, {"name": "framework", "value": "pytest"}, {"name": "language", "value": "cpython3"}, {"name": "package", "value": "tests.test_order_list"}]}