{"name": "Проверка что новый заказ попадает в раздел \"В работе\"", "status": "failed", "statusDetails": {"message": "AssertionError: assert '074932' == '074933'\n  \n  - 074933\n  ?      ^\n  + 074932\n  ?      ^", "trace": "self = <tests.test_order_list.TestOrderList object at 0x10f13fef0>\nlogin = (<selenium.webdriver.firefox.webdriver.WebDriver (session=\"06d63ecb-6e1d-4f9e-9c65-200cd5f1541e\")>, {'accessToken': 'B...0pfxrk-iyJZPzmQNPfshzVar0DZcmW2ZQRw', 'email': 'lnxpstvlib@yandex.ru', 'name': 'herazseuvi', 'password': 'mvinmpeyai'})\n\n    @allure.title('Проверка что новый заказ попадает в раздел \"В работе\"')\n    @allure.description('Создается пользователь, создается заказ, происходит проверка что новый заказ попадает в раздел \"В работе\"')\n    def test_order_number(self, login):\n        driver = login[0]\n        main_page = MainPage(driver)\n        main_page.create_order()\n        main_page.wait_for_loader_to_be_visible()\n        main_page.wait_for_loader_to_be_invisible()\n        main_page.click_order_list_button()\n>       assert main_page.get_order_in_work_number() == f'0{main_page.get_order_number()}'\nE       AssertionError: assert '074932' == '074933'\nE         \nE         - 074933\nE         ?      ^\nE         + 074932\nE         ?      ^\n\ntests/test_order_list.py:42: AssertionError"}, "description": "Создается пользователь, создается заказ, происходит проверка что новый заказ попадает в раздел \"В работе\"", "steps": [{"name": "Создание экземпляра страницы", "status": "passed", "parameters": [{"name": "driver", "value": "<selenium.webdriver.firefox.webdriver.WebDriver (session=\"06d63ecb-6e1d-4f9e-9c65-200cd5f1541e\")>"}], "start": 1717741555669, "stop": 1717741555669}, {"name": "Ищем элемент после ожидания", "status": "passed", "parameters": [{"name": "locator", "value": "['xpath', \".//p[text()='Флюоресцентная булка R2-D3']\"]"}], "start": 1717741555669, "stop": 1717741555686}, {"name": "Ищем элемент после ожидания", "status": "passed", "parameters": [{"name": "locator", "value": "['xpath', \".//span[text()='Перетяните булочку сюда (верх)']\"]"}], "start": 1717741555686, "stop": 1717741555702}, {"name": "Ждем, когда элемент станет кликабельным", "status": "passed", "parameters": [{"name": "locator", "value": "['xpath', \".//button[text()='Оформить заказ']\"]"}], "start": 1717741555716, "stop": 1717741555742}, {"name": "Кликаем на элемент", "status": "passed", "parameters": [{"name": "element_to_click", "value": "<selenium.webdriver.remote.webelement.WebElement (session=\"06d63ecb-6e1d-4f9e-9c65-200cd5f1541e\", element=\"9a8ab346-99e5-49f7-861e-1a749139ab61\")>"}], "start": 1717741555742, "stop": 1717741555750}, {"name": "Ожидаем, когда элемент станет видимым", "status": "passed", "parameters": [{"name": "locator", "value": "['xpath', \".//img[@class = 'Modal_modal__loading__3534A']\"]"}], "start": 1717741555750, "stop": 1717741556283}, {"name": "Ожидаем, когда элемент станет невидимым", "status": "passed", "parameters": [{"name": "locator", "value": "['xpath', \".//img[@class = 'Modal_modal__loading__3534A']\"]"}], "start": 1717741556283, "stop": 1717741557339}, {"name": "Ждем, когда элемент станет кликабельным", "status": "passed", "parameters": [{"name": "locator", "value": "['xpath', \".//p[text()='Лента Заказов']\"]"}], "start": 1717741557339, "stop": 1717741557364}, {"name": "Кликаем на элемент", "status": "passed", "parameters": [{"name": "element_to_click", "value": "<selenium.webdriver.remote.webelement.WebElement (session=\"06d63ecb-6e1d-4f9e-9c65-200cd5f1541e\", element=\"832b1127-017e-4670-a4b5-06a629fdde9a\")>"}], "start": 1717741557364, "stop": 1717741557381}, {"name": "Получаем текст элемента", "status": "passed", "steps": [{"name": "Ищем элемент после ожидания", "status": "passed", "parameters": [{"name": "locator", "value": "('xpath', \"(//li[contains(@class, 'text text_type_digits-default mb-2')])[6][1]\")"}], "start": 1717741557381, "stop": 1717741559052}], "parameters": [{"name": "locator", "value": "('xpath', \"(//li[contains(@class, 'text text_type_digits-default mb-2')])[6][1]\")"}], "start": 1717741557381, "stop": 1717741559094}, {"name": "Получаем текст элемента", "status": "passed", "steps": [{"name": "Ищем элемент после ожидания", "status": "passed", "parameters": [{"name": "locator", "value": "['xpath', \".//h2[@class = 'Modal_modal__title_shadow__3ikwq Modal_modal__title__2L34m text text_type_digits-large mb-8']\"]"}], "start": 1717741559094, "stop": 1717741559228}], "parameters": [{"name": "locator", "value": "['xpath', \".//h2[@class = 'Modal_modal__title_shadow__3ikwq Modal_modal__title__2L34m text text_type_digits-large mb-8']\"]"}], "start": 1717741559094, "stop": 1717741559271}], "parameters": [{"name": "driver", "value": "'firefox'"}], "start": 1717741555668, "stop": 1717741559272, "uuid": "3c54411d-25e2-4d3f-9d24-361079bcc15c", "historyId": "af21266efea625710f0681de5089c44e", "testCaseId": "e938a1eda6b7ef42a0478d46f0d97bf5", "fullName": "tests.test_order_list.TestOrderList#test_order_number", "labels": [{"name": "parentSuite", "value": "tests"}, {"name": "suite", "value": "test_order_list"}, {"name": "subSuite", "value": "TestOrderList"}, {"name": "host", "value": "MacBook-Air-Yulia.local"}, {"name": "thread", "value": "4303-MainThread"}, {"name": "framework", "value": "pytest"}, {"name": "language", "value": "cpython3"}, {"name": "package", "value": "tests.test_order_list"}]}