{"name": "Проверка что новый заказ попадает в раздел \"В работе\"", "status": "failed", "statusDetails": {"message": "AssertionError: assert '074874' == '074875'\n  \n  - 074875\n  ?      ^\n  + 074874\n  ?      ^", "trace": "self = <tests.test_order_list.TestOrderList object at 0x10f4cbbc0>\nlogin = (<selenium.webdriver.firefox.webdriver.WebDriver (session=\"0a1d32c7-d65d-4631-93ff-443bcb6e152d\")>, {'accessToken': 'B...U-1kLrouVUI_70NznNjGCHHQzFodxNkgSj4', 'email': 'ymtpvcdohd@yandex.ru', 'name': 'enkocvhtdl', 'password': 'itofhakuar'})\n\n    @allure.title('Проверка что новый заказ попадает в раздел \"В работе\"')\n    @allure.description('Создается пользователь, создается заказ, происходит проверка что новый заказ попадает в раздел \"В работе\"')\n    def test_order_number(self, login):\n        driver = login[0]\n        main_page = MainPage(driver)\n        main_page.create_order()\n        main_page.wait_for_loader_to_be_visible()\n        main_page.wait_for_loader_to_be_invisible()\n        main_page.click_order_list_button()\n>       assert main_page.get_order_in_work_number() == f'0{main_page.get_order_number()}'\nE       AssertionError: assert '074874' == '074875'\nE         \nE         - 074875\nE         ?      ^\nE         + 074874\nE         ?      ^\n\ntests/test_order_list.py:42: AssertionError"}, "description": "Создается пользователь, создается заказ, происходит проверка что новый заказ попадает в раздел \"В работе\"", "steps": [{"name": "Создание экземпляра страницы", "status": "passed", "parameters": [{"name": "driver", "value": "<selenium.webdriver.firefox.webdriver.WebDriver (session=\"0a1d32c7-d65d-4631-93ff-443bcb6e152d\")>"}], "start": 1717739228519, "stop": 1717739228519}, {"name": "Ищем элемент после ожидания", "status": "passed", "parameters": [{"name": "locator", "value": "['xpath', \".//p[text()='Флюоресцентная булка R2-D3']\"]"}], "start": 1717739228519, "stop": 1717739228537}, {"name": "Ищем элемент после ожидания", "status": "passed", "parameters": [{"name": "locator", "value": "['xpath', \".//span[text()='Перетяните булочку сюда (верх)']\"]"}], "start": 1717739228537, "stop": 1717739228554}, {"name": "Ждем, когда элемент станет кликабельным", "status": "passed", "parameters": [{"name": "locator", "value": "['xpath', \".//button[text()='Оформить заказ']\"]"}], "start": 1717739228570, "stop": 1717739228591}, {"name": "Кликаем на элемент", "status": "passed", "parameters": [{"name": "element_to_click", "value": "<selenium.webdriver.remote.webelement.WebElement (session=\"0a1d32c7-d65d-4631-93ff-443bcb6e152d\", element=\"5f94e8f1-6e6e-4993-87e6-fd0bbe7eceae\")>"}], "start": 1717739228592, "stop": 1717739228600}, {"name": "Ожидаем, когда элемент станет видимым", "status": "passed", "parameters": [{"name": "locator", "value": "['xpath', \".//img[@class = 'Modal_modal__loading__3534A']\"]"}], "start": 1717739228600, "stop": 1717739229134}, {"name": "Ожидаем, когда элемент станет невидимым", "status": "passed", "parameters": [{"name": "locator", "value": "['xpath', \".//img[@class = 'Modal_modal__loading__3534A']\"]"}], "start": 1717739229134, "stop": 1717739230193}, {"name": "Ждем, когда элемент станет кликабельным", "status": "passed", "parameters": [{"name": "locator", "value": "['xpath', \".//p[text()='Лента Заказов']\"]"}], "start": 1717739230193, "stop": 1717739230214}, {"name": "Кликаем на элемент", "status": "passed", "parameters": [{"name": "element_to_click", "value": "<selenium.webdriver.remote.webelement.WebElement (session=\"0a1d32c7-d65d-4631-93ff-443bcb6e152d\", element=\"f2c40db0-b764-48b8-ae53-46d3c1e135fc\")>"}], "start": 1717739230214, "stop": 1717739230233}, {"name": "Получаем текст элемента", "status": "passed", "steps": [{"name": "Ищем элемент после ожидания", "status": "passed", "parameters": [{"name": "locator", "value": "('xpath', \"(//li[contains(@class, 'text text_type_digits-default mb-2')])[6][1]\")"}], "start": 1717739230233, "stop": 1717739232405}], "parameters": [{"name": "locator", "value": "('xpath', \"(//li[contains(@class, 'text text_type_digits-default mb-2')])[6][1]\")"}], "start": 1717739230233, "stop": 1717739232458}, {"name": "Получаем текст элемента", "status": "passed", "steps": [{"name": "Ищем элемент после ожидания", "status": "passed", "parameters": [{"name": "locator", "value": "['xpath', \".//h2[@class = 'Modal_modal__title_shadow__3ikwq Modal_modal__title__2L34m text text_type_digits-large mb-8']\"]"}], "start": 1717739232458, "stop": 1717739232537}], "parameters": [{"name": "locator", "value": "['xpath', \".//h2[@class = 'Modal_modal__title_shadow__3ikwq Modal_modal__title__2L34m text text_type_digits-large mb-8']\"]"}], "start": 1717739232458, "stop": 1717739232552}], "parameters": [{"name": "driver", "value": "'firefox'"}], "start": 1717739228519, "stop": 1717739232554, "uuid": "fbeb429e-d384-4f01-b063-3533ac4d3293", "historyId": "af21266efea625710f0681de5089c44e", "testCaseId": "e938a1eda6b7ef42a0478d46f0d97bf5", "fullName": "tests.test_order_list.TestOrderList#test_order_number", "labels": [{"name": "parentSuite", "value": "tests"}, {"name": "suite", "value": "test_order_list"}, {"name": "subSuite", "value": "TestOrderList"}, {"name": "host", "value": "MacBook-Air-Yulia.local"}, {"name": "thread", "value": "96527-MainThread"}, {"name": "framework", "value": "pytest"}, {"name": "language", "value": "cpython3"}, {"name": "package", "value": "tests.test_order_list"}]}