{"name": "Проверка что новый заказ попадает в раздел \"В работе\"", "status": "failed", "statusDetails": {"message": "AssertionError: assert '074896' == '074897'\n  \n  - 074897\n  ?      ^\n  + 074896\n  ?      ^", "trace": "self = <tests.test_order_list.TestOrderList object at 0x111817ad0>\nlogin = (<selenium.webdriver.firefox.webdriver.WebDriver (session=\"7186c305-35b0-4bed-be88-04246489f32e\")>, {'accessToken': 'B...tQxS_OZHzDNdgWRGkDbupjp_sIGMCSfw8OI', 'email': 'bixdcgwekm@yandex.ru', 'name': 'dliknkomcs', 'password': 'nrhgqagehh'})\n\n    @allure.title('Проверка что новый заказ попадает в раздел \"В работе\"')\n    @allure.description('Создается пользователь, создается заказ, происходит проверка что новый заказ попадает в раздел \"В работе\"')\n    def test_order_number(self, login):\n        driver = login[0]\n        main_page = MainPage(driver)\n        main_page.create_order()\n        main_page.wait_for_loader_to_be_visible()\n        main_page.wait_for_loader_to_be_invisible()\n        main_page.click_order_list_button()\n>       assert main_page.get_order_in_work_number() == f'0{main_page.get_order_number()}'\nE       AssertionError: assert '074896' == '074897'\nE         \nE         - 074897\nE         ?      ^\nE         + 074896\nE         ?      ^\n\ntests/test_order_list.py:42: AssertionError"}, "description": "Создается пользователь, создается заказ, происходит проверка что новый заказ попадает в раздел \"В работе\"", "steps": [{"name": "Создание экземпляра страницы", "status": "passed", "parameters": [{"name": "driver", "value": "<selenium.webdriver.firefox.webdriver.WebDriver (session=\"7186c305-35b0-4bed-be88-04246489f32e\")>"}], "start": 1717740375437, "stop": 1717740375437}, {"name": "Ищем элемент после ожидания", "status": "passed", "parameters": [{"name": "locator", "value": "['xpath', \".//p[text()='Флюоресцентная булка R2-D3']\"]"}], "start": 1717740375437, "stop": 1717740375456}, {"name": "Ищем элемент после ожидания", "status": "passed", "parameters": [{"name": "locator", "value": "['xpath', \".//span[text()='Перетяните булочку сюда (верх)']\"]"}], "start": 1717740375456, "stop": 1717740375473}, {"name": "Ждем, когда элемент станет кликабельным", "status": "passed", "parameters": [{"name": "locator", "value": "['xpath', \".//button[text()='Оформить заказ']\"]"}], "start": 1717740375490, "stop": 1717740375514}, {"name": "Кликаем на элемент", "status": "passed", "parameters": [{"name": "element_to_click", "value": "<selenium.webdriver.remote.webelement.WebElement (session=\"7186c305-35b0-4bed-be88-04246489f32e\", element=\"0e805807-55a2-4308-ab01-160afa90d11f\")>"}], "start": 1717740375514, "stop": 1717740375523}, {"name": "Ожидаем, когда элемент станет видимым", "status": "passed", "parameters": [{"name": "locator", "value": "['xpath', \".//img[@class = 'Modal_modal__loading__3534A']\"]"}], "start": 1717740375523, "stop": 1717740376065}, {"name": "Ожидаем, когда элемент станет невидимым", "status": "passed", "parameters": [{"name": "locator", "value": "['xpath', \".//img[@class = 'Modal_modal__loading__3534A']\"]"}], "start": 1717740376065, "stop": 1717740377116}, {"name": "Ждем, когда элемент станет кликабельным", "status": "passed", "parameters": [{"name": "locator", "value": "['xpath', \".//p[text()='Лента Заказов']\"]"}], "start": 1717740377116, "stop": 1717740377142}, {"name": "Кликаем на элемент", "status": "passed", "parameters": [{"name": "element_to_click", "value": "<selenium.webdriver.remote.webelement.WebElement (session=\"7186c305-35b0-4bed-be88-04246489f32e\", element=\"c10c759d-a7d8-4376-8d85-1e28651c4a28\")>"}], "start": 1717740377142, "stop": 1717740377161}, {"name": "Получаем текст элемента", "status": "passed", "steps": [{"name": "Ищем элемент после ожидания", "status": "passed", "parameters": [{"name": "locator", "value": "('xpath', \"(//li[contains(@class, 'text text_type_digits-default mb-2')])[6][1]\")"}], "start": 1717740377162, "stop": 1717740378210}], "parameters": [{"name": "locator", "value": "('xpath', \"(//li[contains(@class, 'text text_type_digits-default mb-2')])[6][1]\")"}], "start": 1717740377162, "stop": 1717740378224}, {"name": "Получаем текст элемента", "status": "passed", "steps": [{"name": "Ищем элемент после ожидания", "status": "passed", "parameters": [{"name": "locator", "value": "['xpath', \".//h2[@class = 'Modal_modal__title_shadow__3ikwq Modal_modal__title__2L34m text text_type_digits-large mb-8']\"]"}], "start": 1717740378224, "stop": 1717740378243}], "parameters": [{"name": "locator", "value": "['xpath', \".//h2[@class = 'Modal_modal__title_shadow__3ikwq Modal_modal__title__2L34m text text_type_digits-large mb-8']\"]"}], "start": 1717740378224, "stop": 1717740378256}], "parameters": [{"name": "driver", "value": "'firefox'"}], "start": 1717740375437, "stop": 1717740378260, "uuid": "6427ed38-8948-4b07-8181-27349125edb3", "historyId": "af21266efea625710f0681de5089c44e", "testCaseId": "e938a1eda6b7ef42a0478d46f0d97bf5", "fullName": "tests.test_order_list.TestOrderList#test_order_number", "labels": [{"name": "parentSuite", "value": "tests"}, {"name": "suite", "value": "test_order_list"}, {"name": "subSuite", "value": "TestOrderList"}, {"name": "host", "value": "MacBook-Air-Yulia.local"}, {"name": "thread", "value": "98555-MainThread"}, {"name": "framework", "value": "pytest"}, {"name": "language", "value": "cpython3"}, {"name": "package", "value": "tests.test_order_list"}]}