{"name": "Проверка что новый заказ попадает в раздел \"В работе\"", "status": "failed", "statusDetails": {"message": "AssertionError: assert '074908' == '074909'\n  \n  - 074909\n  ?      ^\n  + 074908\n  ?      ^", "trace": "self = <tests.test_order_list.TestOrderList object at 0x10ffeb470>\nlogin = (<selenium.webdriver.firefox.webdriver.WebDriver (session=\"deb24049-00de-424c-9f56-36f4d1611dd1\")>, {'accessToken': 'B...Anj5CdWLp5H769v1Kpah2MfT1mKynEDEkz4', 'email': 'ccqzfxsrjl@yandex.ru', 'name': 'tagvitvruw', 'password': 'hhqgvpupwu'})\n\n    @allure.title('Проверка что новый заказ попадает в раздел \"В работе\"')\n    @allure.description('Создается пользователь, создается заказ, происходит проверка что новый заказ попадает в раздел \"В работе\"')\n    def test_order_number(self, login):\n        driver = login[0]\n        main_page = MainPage(driver)\n        main_page.create_order()\n        main_page.wait_for_loader_to_be_visible()\n        main_page.wait_for_loader_to_be_invisible()\n        main_page.click_order_list_button()\n>       assert main_page.get_order_in_work_number() == f'0{main_page.get_order_number()}'\nE       AssertionError: assert '074908' == '074909'\nE         \nE         - 074909\nE         ?      ^\nE         + 074908\nE         ?      ^\n\ntests/test_order_list.py:42: AssertionError"}, "description": "Создается пользователь, создается заказ, происходит проверка что новый заказ попадает в раздел \"В работе\"", "steps": [{"name": "Создание экземпляра страницы", "status": "passed", "parameters": [{"name": "driver", "value": "<selenium.webdriver.firefox.webdriver.WebDriver (session=\"deb24049-00de-424c-9f56-36f4d1611dd1\")>"}], "start": 1717740768636, "stop": 1717740768636}, {"name": "Ищем элемент после ожидания", "status": "passed", "parameters": [{"name": "locator", "value": "['xpath', \".//p[text()='Флюоресцентная булка R2-D3']\"]"}], "start": 1717740768636, "stop": 1717740768656}, {"name": "Ищем элемент после ожидания", "status": "passed", "parameters": [{"name": "locator", "value": "['xpath', \".//span[text()='Перетяните булочку сюда (верх)']\"]"}], "start": 1717740768656, "stop": 1717740768675}, {"name": "Ждем, когда элемент станет кликабельным", "status": "passed", "parameters": [{"name": "locator", "value": "['xpath', \".//button[text()='Оформить заказ']\"]"}], "start": 1717740768689, "stop": 1717740768714}, {"name": "Кликаем на элемент", "status": "passed", "parameters": [{"name": "element_to_click", "value": "<selenium.webdriver.remote.webelement.WebElement (session=\"deb24049-00de-424c-9f56-36f4d1611dd1\", element=\"0e3865d6-2eb8-4199-8ff3-0feaa8519a8b\")>"}], "start": 1717740768714, "stop": 1717740768725}, {"name": "Ожидаем, когда элемент станет видимым", "status": "passed", "parameters": [{"name": "locator", "value": "['xpath', \".//img[@class = 'Modal_modal__loading__3534A']\"]"}], "start": 1717740768726, "stop": 1717740769266}, {"name": "Ожидаем, когда элемент станет невидимым", "status": "passed", "parameters": [{"name": "locator", "value": "['xpath', \".//img[@class = 'Modal_modal__loading__3534A']\"]"}], "start": 1717740769266, "stop": 1717740770339}, {"name": "Ждем, когда элемент станет кликабельным", "status": "passed", "parameters": [{"name": "locator", "value": "['xpath', \".//p[text()='Лента Заказов']\"]"}], "start": 1717740770339, "stop": 1717740770366}, {"name": "Кликаем на элемент", "status": "passed", "parameters": [{"name": "element_to_click", "value": "<selenium.webdriver.remote.webelement.WebElement (session=\"deb24049-00de-424c-9f56-36f4d1611dd1\", element=\"4d29fbfc-90c8-420e-8203-218c48895e7c\")>"}], "start": 1717740770366, "stop": 1717740770388}, {"name": "Получаем текст элемента", "status": "passed", "steps": [{"name": "Ищем элемент после ожидания", "status": "passed", "parameters": [{"name": "locator", "value": "('xpath', \"(//li[contains(@class, 'text text_type_digits-default mb-2')])[6][1]\")"}], "start": 1717740770389, "stop": 1717740771473}], "parameters": [{"name": "locator", "value": "('xpath', \"(//li[contains(@class, 'text text_type_digits-default mb-2')])[6][1]\")"}], "start": 1717740770389, "stop": 1717740771490}, {"name": "Получаем текст элемента", "status": "passed", "steps": [{"name": "Ищем элемент после ожидания", "status": "passed", "parameters": [{"name": "locator", "value": "['xpath', \".//h2[@class = 'Modal_modal__title_shadow__3ikwq Modal_modal__title__2L34m text text_type_digits-large mb-8']\"]"}], "start": 1717740771490, "stop": 1717740771511}], "parameters": [{"name": "locator", "value": "['xpath', \".//h2[@class = 'Modal_modal__title_shadow__3ikwq Modal_modal__title__2L34m text text_type_digits-large mb-8']\"]"}], "start": 1717740771490, "stop": 1717740771526}], "parameters": [{"name": "driver", "value": "'firefox'"}], "start": 1717740768636, "stop": 1717740771527, "uuid": "c43fe67d-da48-48ff-8ba2-c1de8a022de7", "historyId": "af21266efea625710f0681de5089c44e", "testCaseId": "e938a1eda6b7ef42a0478d46f0d97bf5", "fullName": "tests.test_order_list.TestOrderList#test_order_number", "labels": [{"name": "parentSuite", "value": "tests"}, {"name": "suite", "value": "test_order_list"}, {"name": "subSuite", "value": "TestOrderList"}, {"name": "host", "value": "MacBook-Air-Yulia.local"}, {"name": "thread", "value": "487-MainThread"}, {"name": "framework", "value": "pytest"}, {"name": "language", "value": "cpython3"}, {"name": "package", "value": "tests.test_order_list"}]}